<?xml version="1.0" encoding="UTF-8"?>
<!-- Generated by org.testng.reporters.JUnitReportReporter -->
<testsuite skipped="0" hostname="MacBook-Pro-de-fernando.local" name="test.DataProviderTest.fillFormWithFakersTest" tests="1" failures="0" timestamp="2021-03-06T11:36:19 CET" time="10.246" errors="0">
  <testcase name="fillFormWithFakers" time="10.246" classname="test.DataProviderTest.fillFormWithFakersTest"/>
  <system-out/>
</testsuite> <!-- test.DataProviderTest.fillFormWithFakersTest -->
