<?xml version="1.0" encoding="UTF-8"?>
<!-- Generated by org.testng.reporters.JUnitReportReporter -->
<testsuite skipped="0" hostname="MacBook-Pro-de-fernando.local" name="test.DataProviderTest.SalesforceTest" tests="2" failures="0" timestamp="2021-03-06T11:36:59 CET" time="0.001" errors="0">
  <testcase name="nombresEdad" time="0.000" classname="test.DataProviderTest.SalesforceTest"/>
  <system-out/>
  <testcase name="nombresEdad" time="0.001" classname="test.DataProviderTest.SalesforceTest"/>
  <system-out/>
</testsuite> <!-- test.DataProviderTest.SalesforceTest -->
