<?xml version="1.0" encoding="UTF-8"?>
<!-- Generated by org.testng.reporters.JUnitReportReporter -->
<testsuite skipped="0" hostname="MacBook-Pro-de-fernando.local" name="test.DataProviderTest.PeopleSimpleTest" tests="2" failures="0" timestamp="2021-03-06T11:36:14 CET" time="0.003" errors="0">
  <testcase name="nombresEdad" time="0.000" classname="test.DataProviderTest.PeopleSimpleTest"/>
  <system-out/>
  <testcase name="nombresEdad" time="0.003" classname="test.DataProviderTest.PeopleSimpleTest"/>
  <system-out/>
</testsuite> <!-- test.DataProviderTest.PeopleSimpleTest -->
