<?xml version="1.0" encoding="UTF-8"?>
<!-- Generated by org.testng.reporters.JUnitReportReporter -->
<testsuite skipped="0" hostname="MacBook-Pro-de-fernando.local" name="test.DataProviderTest.DataProviderPeopleTest" tests="2" failures="0" timestamp="2021-03-06T11:37:04 CET" time="0.000" errors="0">
  <testcase name="nombresEdad" time="0.000" classname="test.DataProviderTest.DataProviderPeopleTest"/>
  <system-out/>
  <testcase name="nombresEdad" time="0.000" classname="test.DataProviderTest.DataProviderPeopleTest"/>
  <system-out/>
</testsuite> <!-- test.DataProviderTest.DataProviderPeopleTest -->
