<?xml version="1.0" encoding="UTF-8"?>
<!-- Generated by org.testng.reporters.JUnitReportReporter -->
<testsuite hostname="MacBook-Pro-de-fernando.local" failures="0" tests="4" name="clase1.PrimerTest" time="20.441" errors="0" timestamp="2020-12-14T15:58:39 CET" skipped="0">
  <testcase classname="clase1.PrimerTest" name="spotifyTest" time="4.254"/>
  <system-out/>
  <testcase classname="clase1.PrimerTest" name="mostrarSpotifyLinks" time="3.524"/>
  <system-out/>
  <testcase classname="clase1.PrimerTest" name="getTitleTest" time="9.960"/>
  <system-out/>
  <testcase classname="clase1.PrimerTest" name="testing" time="2.703"/>
  <system-out/>
</testsuite> <!-- clase1.PrimerTest -->
