<?xml version="1.0" encoding="UTF-8"?>
<!-- Generated by org.testng.reporters.JUnitReportReporter -->
<testsuite hostname="MacBook-Pro-de-fernando.local" failures="0" tests="4" name="clase1.PrimerTest" time="24.538" errors="0" timestamp="2020-12-14T12:31:12 CET" skipped="0">
  <testcase classname="clase1.PrimerTest" name="spotifyTest" time="3.446"/>
  <system-out/>
  <testcase classname="clase1.PrimerTest" name="mostrarSpotifyLinks" time="6.485"/>
  <system-out/>
  <testcase classname="clase1.PrimerTest" name="getTitleTest" time="10.749"/>
  <system-out/>
  <testcase classname="clase1.PrimerTest" name="testing" time="3.858"/>
  <system-out/>
</testsuite> <!-- clase1.PrimerTest -->
