<?xml version="1.0" encoding="UTF-8"?>
<!-- Generated by org.testng.reporters.JUnitReportReporter -->
<testsuite skipped="0" hostname="MacBook-Pro-de-fernando.local" name="test.FacebookTest.FacebookRegisterTest" tests="11" failures="0" timestamp="2021-03-06T11:36:39 CET" time="49.487" errors="0">
  <testcase name="setup" time="6.556" classname="test.FacebookTest.FacebookRegisterTest"/>
  <system-out/>
  <testcase name="forgotAccountTest" time="3.884" classname="test.FacebookTest.FacebookRegisterTest"/>
  <system-out/>
  <testcase name="forgotAccountPartialLinkTest" time="4.065" classname="test.FacebookTest.FacebookRegisterTest"/>
  <system-out/>
  <testcase name="checkBoxAndComboboxFakeTest" time="4.269" classname="test.FacebookTest.FacebookRegisterTest"/>
  <system-out/>
  <testcase name="checkBoxAndComboboxTest" time="4.191" classname="test.FacebookTest.FacebookRegisterTest"/>
  <system-out/>
  <testcase name="birthdateTest" time="4.977" classname="test.FacebookTest.FacebookRegisterTest"/>
  <system-out/>
  <testcase name="comboboxTest" time="4.083" classname="test.FacebookTest.FacebookRegisterTest"/>
  <system-out/>
  <testcase name="completeRegistration" time="4.050" classname="test.FacebookTest.FacebookRegisterTest"/>
  <system-out/>
  <testcase name="completeRegistrationFake" time="4.879" classname="test.FacebookTest.FacebookRegisterTest"/>
  <system-out/>
  <testcase name="registrationFacebookFakeTest" time="4.311" classname="test.FacebookTest.FacebookRegisterTest"/>
  <system-out/>
  <testcase name="registrationFacebookTest" time="4.222" classname="test.FacebookTest.FacebookRegisterTest"/>
  <system-out/>
</testsuite> <!-- test.FacebookTest.FacebookRegisterTest -->
