<?xml version="1.0" encoding="UTF-8"?>
<!-- Generated by org.testng.reporters.JUnitReportReporter -->
<testsuite skipped="0" hostname="MacBook-Pro-de-fernando.local" name="test.DocussignTest.DocusignTest" tests="3" failures="0" timestamp="2021-03-06T11:36:54 CET" time="28.157" errors="0">
  <testcase name="completeDocusignRegistrationForm" time="9.388" classname="test.DocussignTest.DocusignTest"/>
  <system-out/>
  <testcase name="completeDocusignRegistrationFormFake" time="9.469" classname="test.DocussignTest.DocusignTest"/>
  <system-out/>
  <testcase name="defaultxPath" time="9.300" classname="test.DocussignTest.DocusignTest"/>
  <system-out/>
</testsuite> <!-- test.DocussignTest.DocusignTest -->
