<?xml version="1.0" encoding="UTF-8"?>
<!-- Generated by org.testng.reporters.JUnitReportReporter -->
<testsuite hostname="MacBook-Pro-de-fernando.local" failures="0" tests="4" name="clase1.PrimerTest" time="15.818" errors="0" timestamp="2020-12-17T17:45:51 CET" skipped="0">
  <testcase classname="clase1.PrimerTest" name="spotifyTest" time="3.377"/>
  <system-out/>
  <testcase classname="clase1.PrimerTest" name="testing" time="3.002"/>
  <system-out/>
  <testcase classname="clase1.PrimerTest" name="getTitleTest" time="6.116"/>
  <system-out/>
  <testcase classname="clase1.PrimerTest" name="mostrarSpotifyLinks" time="3.323"/>
  <system-out/>
</testsuite> <!-- clase1.PrimerTest -->
