<?xml version="1.0" encoding="UTF-8"?>
<!-- Generated by org.testng.reporters.JUnitReportReporter -->
<testsuite hostname="MacBook-Pro-de-fernando.local" failures="0" tests="4" name="clase1.PrimerTest" time="16.990" errors="0" timestamp="2020-12-16T12:31:36 CET" skipped="0">
  <testcase classname="clase1.PrimerTest" name="spotifyTest" time="2.878"/>
  <system-out/>
  <testcase classname="clase1.PrimerTest" name="mostrarSpotifyLinks" time="3.982"/>
  <system-out/>
  <testcase classname="clase1.PrimerTest" name="testing" time="3.752"/>
  <system-out/>
  <testcase classname="clase1.PrimerTest" name="getTitleTest" time="6.378"/>
  <system-out/>
</testsuite> <!-- clase1.PrimerTest -->
