<?xml version="1.0" encoding="UTF-8"?>
<!-- Generated by org.testng.reporters.JUnitReportReporter -->
<testsuite skipped="0" hostname="MacBook-Pro-de-fernando.local" name="test.SalesForceTest.Testng" tests="2" failures="0" timestamp="2021-03-06T11:37:14 CET" time="0.001" errors="0">
  <testcase name="firstTest" time="0.000" classname="test.SalesForceTest.Testng"/>
  <system-out/>
  <testcase name="secondTest" time="0.001" classname="test.SalesForceTest.Testng"/>
  <system-out/>
</testsuite> <!-- test.SalesForceTest.Testng -->
