<?xml version="1.0" encoding="UTF-8"?>
<!-- Generated by org.testng.reporters.JUnitReportReporter -->
<testsuite skipped="0" hostname="MacBook-Pro-de-fernando.local" name="test.FacebookTest.FacebookLoginTest" tests="4" failures="0" timestamp="2021-03-06T11:36:49 CET" time="21.869" errors="0">
  <testcase name="setup" time="8.411" classname="test.FacebookTest.FacebookLoginTest"/>
  <system-out/>
  <testcase name="forgotAccountTest" time="4.463" classname="test.FacebookTest.FacebookLoginTest"/>
  <system-out/>
  <testcase name="forgotAccountPartialLinkTest" time="4.412" classname="test.FacebookTest.FacebookLoginTest"/>
  <system-out/>
  <testcase name="registrationToFacebookTest" time="4.583" classname="test.FacebookTest.FacebookLoginTest"/>
  <system-out/>
</testsuite> <!-- test.FacebookTest.FacebookLoginTest -->
