<?xml version="1.0" encoding="UTF-8"?>
<!-- Generated by org.testng.reporters.JUnitReportReporter -->
<testsuite hostname="MacBook-Pro-de-fernando.local" failures="0" tests="4" name="clase1.PrimerTest" time="17.988" errors="0" timestamp="2020-12-17T16:55:16 CET" skipped="0">
  <testcase classname="clase1.PrimerTest" name="mostrarSpotifyLinks" time="3.907"/>
  <system-out/>
  <testcase classname="clase1.PrimerTest" name="getTitleTest" time="7.393"/>
  <system-out/>
  <testcase classname="clase1.PrimerTest" name="spotifyTest" time="3.145"/>
  <system-out/>
  <testcase classname="clase1.PrimerTest" name="testing" time="3.543"/>
  <system-out/>
</testsuite> <!-- clase1.PrimerTest -->
