<?xml version="1.0" encoding="UTF-8"?>
<!-- Generated by org.testng.reporters.JUnitReportReporter -->
<testsuite hostname="MacBook-Pro-de-fernando.local" failures="0" tests="4" name="clase1.PrimerTest" time="15.610" errors="0" timestamp="2020-12-17T17:31:03 CET" skipped="0">
  <testcase classname="clase1.PrimerTest" name="spotifyTest" time="4.256"/>
  <system-out/>
  <testcase classname="clase1.PrimerTest" name="getTitleTest" time="4.287"/>
  <system-out/>
  <testcase classname="clase1.PrimerTest" name="testing" time="3.289"/>
  <system-out/>
  <testcase classname="clase1.PrimerTest" name="mostrarSpotifyLinks" time="3.778"/>
  <system-out/>
</testsuite> <!-- clase1.PrimerTest -->
