<?xml version="1.0" encoding="UTF-8"?>
<!-- Generated by org.testng.reporters.JUnitReportReporter -->
<testsuite hostname="MacBook-Pro-de-fernando.local" failures="0" tests="4" name="clase2.EjerciciosLocalizadoresTest" time="55.449" errors="0" timestamp="2020-12-17T17:45:51 CET" skipped="0">
  <testcase classname="clase2.EjerciciosLocalizadoresTest" name="forgotAccountTest" time="12.527"/>
  <system-out/>
  <testcase classname="clase2.EjerciciosLocalizadoresTest" name="customSalesforceLink" time="21.187"/>
  <system-out/>
  <testcase classname="clase2.EjerciciosLocalizadoresTest" name="forgotAccountPartialLinkTest" time="12.729"/>
  <system-out/>
  <testcase classname="clase2.EjerciciosLocalizadoresTest" name="registrationToFacebookTest" time="9.006"/>
  <system-out/>
</testsuite> <!-- clase2.EjerciciosLocalizadoresTest -->
