<?xml version="1.0" encoding="UTF-8"?>
<!-- Generated by org.testng.reporters.JUnitReportReporter -->
<testsuite hostname="MacBook-Pro-de-fernando.local" failures="0" tests="4" name="clase1.PrimerTest" time="16.849" errors="0" timestamp="2020-12-16T17:32:15 CET" skipped="0">
  <testcase classname="clase1.PrimerTest" name="spotifyTest" time="2.777"/>
  <system-out/>
  <testcase classname="clase1.PrimerTest" name="mostrarSpotifyLinks" time="3.842"/>
  <system-out/>
  <testcase classname="clase1.PrimerTest" name="testing" time="2.631"/>
  <system-out/>
  <testcase classname="clase1.PrimerTest" name="getTitleTest" time="7.599"/>
  <system-out/>
</testsuite> <!-- clase1.PrimerTest -->
